C:\USERS\MRIGANKA HALDAVNEKAR\DOCUMENTS\FALL 2015\COMPUTER VISION\LAB 4\PLUS\PLUS\DEBUG\MAIN.OBJ
C:\USERS\MRIGANKA HALDAVNEKAR\DOCUMENTS\FALL 2015\COMPUTER VISION\LAB 4\PLUS\PLUS\DEBUG\VC110.PDB
C:\USERS\MRIGANKA HALDAVNEKAR\DOCUMENTS\FALL 2015\COMPUTER VISION\LAB 4\PLUS\PLUS\DEBUG\PLUS.EXE
C:\USERS\MRIGANKA HALDAVNEKAR\DOCUMENTS\FALL 2015\COMPUTER VISION\LAB 4\PLUS\PLUS\DEBUG\PLUS.PDB
C:\USERS\MRIGANKA HALDAVNEKAR\DOCUMENTS\FALL 2015\COMPUTER VISION\LAB 4\PLUS\PLUS\DEBUG\INTERFACE.RES
C:\Users\Mriganka Haldavnekar\Documents\Fall 2015\Computer vision\Lab 4\plus - Copy\Debug\main.obj
C:\Users\Mriganka Haldavnekar\Documents\Fall 2015\Computer vision\Lab 4\plus - Copy\Debug\cl.command.1.tlog
C:\Users\Mriganka Haldavnekar\Documents\Fall 2015\Computer vision\Lab 4\plus - Copy\Debug\CL.read.1.tlog
C:\Users\Mriganka Haldavnekar\Documents\Fall 2015\Computer vision\Lab 4\plus - Copy\Debug\CL.write.1.tlog
C:\Users\Mriganka Haldavnekar\Documents\Fall 2015\Computer vision\Lab 4\plus - Copy\Debug\link-cvtres.read.1.tlog
C:\Users\Mriganka Haldavnekar\Documents\Fall 2015\Computer vision\Lab 4\plus - Copy\Debug\link-cvtres.write.1.tlog
C:\Users\Mriganka Haldavnekar\Documents\Fall 2015\Computer vision\Lab 4\plus - Copy\Debug\link-rc.read.1.tlog
C:\Users\Mriganka Haldavnekar\Documents\Fall 2015\Computer vision\Lab 4\plus - Copy\Debug\link-rc.write.1.tlog
C:\Users\Mriganka Haldavnekar\Documents\Fall 2015\Computer vision\Lab 4\plus - Copy\Debug\link.command.1.tlog
C:\Users\Mriganka Haldavnekar\Documents\Fall 2015\Computer vision\Lab 4\plus - Copy\Debug\link.read.1.tlog
C:\Users\Mriganka Haldavnekar\Documents\Fall 2015\Computer vision\Lab 4\plus - Copy\Debug\link.write.1.tlog
C:\Users\Mriganka Haldavnekar\Documents\Fall 2015\Computer vision\Lab 4\plus - Copy\Debug\rc.command.1.tlog
C:\Users\Mriganka Haldavnekar\Documents\Fall 2015\Computer vision\Lab 4\plus - Copy\Debug\rc.read.1.tlog
C:\Users\Mriganka Haldavnekar\Documents\Fall 2015\Computer vision\Lab 4\plus - Copy\Debug\rc.write.1.tlog
C:\Users\Mriganka Haldavnekar\Documents\Fall 2015\Computer vision\Lab 4\plus - Copy\Debug\interface.res
C:\Users\Mriganka Haldavnekar\Documents\Fall 2015\Computer vision\Lab 4\plus - Copy\Debug\vc110.idb
C:\Users\Mriganka Haldavnekar\Documents\Fall 2015\Computer vision\Lab 4\plus - Copy\Debug\vc60.idb
C:\Users\Mriganka Haldavnekar\Documents\Fall 2015\Computer vision\Lab 4\plus - Copy\Debug\plus.pdb
C:\Users\Mriganka Haldavnekar\Documents\Fall 2015\Computer vision\Lab 4\plus - Copy\Debug\vc110.pdb
C:\Users\Mriganka Haldavnekar\Documents\Fall 2015\Computer vision\Lab 4\plus - Copy\Debug\vc60.pdb
C:\Users\Mriganka Haldavnekar\Documents\Fall 2015\Computer vision\Lab 4\plus - Copy\.\Debug\plus.exe
